;  LST file generated by mikroListExporter - v.2.0 
; Date/Time: 11/10/2023 20:24:57
;----------------------------------------------

;Address Opcode 	ASM
0x0000	0x2803      	GOTO       3
_main:
;second.c,1 :: 		void main() {
;second.c,2 :: 		TRISB = 0xFF; // Set PORTB as input for binary input
0x0003	0x30FF      	MOVLW      255
0x0004	0x1683      	BSF        STATUS, 5
0x0005	0x1303      	BCF        STATUS, 6
0x0006	0x0086      	MOVWF      TRISB
;second.c,3 :: 		TRISC = 0x00; // Set PORTC as output for seven-segment display
0x0007	0x0187      	CLRF       TRISC
;second.c,5 :: 		while (1) {
L_main0:
;second.c,7 :: 		unsigned char binaryInput = PORTB;
0x0008	0x1283      	BCF        STATUS, 5
0x0009	0x0806      	MOVF       PORTB, 0
0x000A	0x00F3      	MOVWF      R3
;second.c,11 :: 		unsigned char decimalOutput = 0;
;second.c,12 :: 		for(i = 0; i < 8; i++)
0x000B	0x01F4      	CLRF       R4
0x000C	0x01F5      	CLRF       R4+1
L_main2:
0x000D	0x3080      	MOVLW      128
0x000E	0x0675      	XORWF      R4+1, 0
0x000F	0x00F0      	MOVWF      R0
0x0010	0x3080      	MOVLW      128
0x0011	0x0270      	SUBWF      R0, 0
0x0012	0x1D03      	BTFSS      STATUS, 2
0x0013	0x2816      	GOTO       L__main7
0x0014	0x3008      	MOVLW      8
0x0015	0x0274      	SUBWF      R4, 0
L__main7:
0x0016	0x1803      	BTFSC      STATUS, 0
0x0017	0x2832      	GOTO       L_main3
;second.c,14 :: 		if (binaryInput & (1 << i))
0x0018	0x0874      	MOVF       R4, 0
0x0019	0x00F2      	MOVWF      R2
0x001A	0x3001      	MOVLW      1
0x001B	0x00F0      	MOVWF      R0
0x001C	0x3000      	MOVLW      0
0x001D	0x00F1      	MOVWF      R0+1
0x001E	0x0872      	MOVF       R2, 0
L__main8:
0x001F	0x1903      	BTFSC      STATUS, 2
0x0020	0x2826      	GOTO       L__main9
0x0021	0x0DF0      	RLF        R0, 1
0x0022	0x0DF1      	RLF        R0+1, 1
0x0023	0x1070      	BCF        R0, 0
0x0024	0x3EFF      	ADDLW      255
0x0025	0x281F      	GOTO       L__main8
L__main9:
0x0026	0x0873      	MOVF       R3, 0
0x0027	0x05F0      	ANDWF      R0, 1
0x0028	0x3000      	MOVLW      0
0x0029	0x05F1      	ANDWF      R0+1, 1
0x002A	0x0870      	MOVF       R0, 0
0x002B	0x0471      	IORWF      R0+1, 0
0x002C	0x1903      	BTFSC      STATUS, 2
0x002D	0x282E      	GOTO       L_main5
;second.c,17 :: 		}
L_main5:
;second.c,12 :: 		for(i = 0; i < 8; i++)
0x002E	0x0AF4      	INCF       R4, 1
0x002F	0x1903      	BTFSC      STATUS, 2
0x0030	0x0AF5      	INCF       R4+1, 1
;second.c,18 :: 		}
0x0031	0x280D      	GOTO       L_main2
L_main3:
;second.c,19 :: 		}
0x0032	0x2808      	GOTO       L_main0
;second.c,20 :: 		}
L_end_main:
0x0033	0x2833      	GOTO       $+0
; end of _main
Symbol List:
//** Routines locations **
//ADDRESS    SIZE    PROCEDURE
//----------------------------------------------
0x0003      [49]    _main
//** Variables locations ** 
//ADDRESS    SIZE    VARIABLE
//----------------------------------------------
0x0000       [1]    INDF
0x0003       [1]    STATUS
0x0004       [1]    FSR
0x0006       [1]    PORTB
0x000A       [1]    PCLATH
0x0020       [2]    ___DoICPAddr
0x0070       [1]    R0
0x0071       [1]    R1
0x0072       [1]    R2
0x0073       [1]    R3
0x0074       [1]    R4
0x0075       [1]    R5
0x0076       [1]    R6
0x0077       [1]    R7
0x0078       [1]    R8
0x0079       [1]    R9
0x007A       [1]    R10
0x007B       [1]    R11
0x007C       [1]    R12
0x007D       [1]    R13
0x007E       [1]    R14
0x007F       [1]    R15
0x0086       [1]    TRISB
0x0087       [1]    TRISC
